2025-08-06 11:53:24,271 - __main__ - INFO - Starting FastAPI backend server...
2025-08-06 11:53:26,543 - __main__ - ERROR - Missing packages: opencv-python
2025-08-06 11:53:26,544 - __main__ - ERROR - Please install missing packages with: pip install -r requirements.txt
2025-08-06 11:53:26,544 - __main__ - ERROR - Dependency check failed. Exiting.
2025-08-06 16:38:33,041 - __main__ - INFO - Starting FastAPI backend server...
2025-08-06 16:38:35,352 - __main__ - ERROR - Missing packages: opencv-python
2025-08-06 16:38:35,352 - __main__ - ERROR - Please install missing packages with: pip install -r requirements.txt
2025-08-06 16:38:35,352 - __main__ - ERROR - Dependency check failed. Exiting.
2025-08-06 16:38:57,072 - __main__ - INFO - Starting FastAPI backend server...
2025-08-06 16:38:59,399 - __main__ - ERROR - Missing packages: opencv-python
2025-08-06 16:38:59,399 - __main__ - ERROR - Please install missing packages with: pip install -r requirements.txt
2025-08-06 16:38:59,399 - __main__ - ERROR - Dependency check failed. Exiting.
2025-08-06 16:41:48,692 - __main__ - INFO - Starting FastAPI backend server...
2025-08-06 16:41:51,131 - __main__ - INFO - Starting server on http://127.0.0.1:8000
2025-08-06 16:41:51,131 - __main__ - INFO - Press Ctrl+C to stop the server
2025-08-07 03:40:04,280 - __main__ - INFO - Starting FastAPI backend server...
2025-08-07 03:40:08,096 - __main__ - INFO - Starting server on http://127.0.0.1:8000
2025-08-07 03:40:08,096 - __main__ - INFO - Press Ctrl+C to stop the server
2025-08-07 03:44:15,557 - __main__ - INFO - Starting FastAPI backend server...
2025-08-07 03:44:18,136 - __main__ - INFO - Starting server on http://127.0.0.1:8000
2025-08-07 03:44:18,137 - __main__ - INFO - Press Ctrl+C to stop the server
2025-08-07 13:33:00,057 - __main__ - INFO - Starting FastAPI backend server...
2025-08-07 13:33:02,703 - __main__ - INFO - Starting server on http://127.0.0.1:8000
2025-08-07 13:33:02,703 - __main__ - INFO - Press Ctrl+C to stop the server
2025-08-07 13:35:40,848 - __main__ - INFO - Starting FastAPI backend server...
2025-08-07 13:35:43,538 - __main__ - INFO - Starting server on http://127.0.0.1:8000
2025-08-07 13:35:43,539 - __main__ - INFO - Press Ctrl+C to stop the server
2025-08-08 16:59:28,731 - __main__ - INFO - Starting FastAPI backend server...
2025-08-08 16:59:32,074 - __main__ - INFO - Starting server on http://127.0.0.1:8000
2025-08-08 16:59:32,074 - __main__ - INFO - Press Ctrl+C to stop the server
2025-08-08 17:07:34,205 - __main__ - INFO - Starting FastAPI backend server...
2025-08-08 17:07:37,458 - __main__ - INFO - Starting server on http://127.0.0.1:8001
2025-08-08 17:07:37,458 - __main__ - INFO - Press Ctrl+C to stop the server
2025-08-08 17:11:41,345 - __main__ - INFO - Starting FastAPI backend server...
2025-08-08 17:11:44,839 - __main__ - INFO - Starting server on http://127.0.0.1:8001
2025-08-08 17:11:44,840 - __main__ - INFO - Press Ctrl+C to stop the server
2025-08-10 10:37:20,291 - __main__ - INFO - Starting FastAPI backend server...
2025-08-10 10:37:28,991 - __main__ - INFO - Starting server on http://127.0.0.1:8001
2025-08-10 10:37:28,992 - __main__ - INFO - Press Ctrl+C to stop the server
2025-08-10 10:43:51,738 - __main__ - INFO - Starting FastAPI backend server...
2025-08-10 10:43:58,834 - __main__ - INFO - Starting server on http://127.0.0.1:8001
2025-08-10 10:43:58,834 - __main__ - INFO - Press Ctrl+C to stop the server
2025-08-10 10:44:35,697 - __main__ - INFO - Starting FastAPI backend server...
2025-08-10 10:44:42,152 - __main__ - INFO - Starting server on http://127.0.0.1:8001
2025-08-10 10:44:42,153 - __main__ - INFO - Press Ctrl+C to stop the server
2025-08-10 10:45:05,878 - __main__ - INFO - Starting FastAPI backend server...
2025-08-10 10:45:11,431 - __main__ - INFO - Starting server on http://127.0.0.1:8001
2025-08-10 10:45:11,431 - __main__ - INFO - Press Ctrl+C to stop the server
2025-08-10 10:45:33,229 - passlib.handlers.bcrypt - WARNING - (trapped) error reading bcrypt version
Traceback (most recent call last):
  File "C:\Users\agung\AppData\Local\Programs\Python\Python313\Lib\site-packages\passlib\handlers\bcrypt.py", line 620, in _load_backend_mixin
    version = _bcrypt.__about__.__version__
              ^^^^^^^^^^^^^^^^^
AttributeError: module 'bcrypt' has no attribute '__about__'
2025-08-10 11:44:22,352 - __main__ - INFO - Starting FastAPI backend server...
2025-08-10 11:44:28,975 - __main__ - INFO - Starting server on http://127.0.0.1:8001
2025-08-10 11:44:28,975 - __main__ - INFO - Press Ctrl+C to stop the server
2025-08-10 11:44:48,827 - models.user - ERROR - Error getting user by username: (pymysql.err.OperationalError) (1054, "Unknown column 'users.is_active' in 'field list'")
[SQL: SELECT users.id AS users_id, users.username AS users_username, users.email AS users_email, users.password AS users_password, users.is_active AS users_is_active, users.created_at AS users_created_at, users.updated_at AS users_updated_at 
FROM users 
WHERE users.username = %(username_1)s 
 LIMIT %(param_1)s]
[parameters: {'username_1': 'ame123', 'param_1': 1}]
(Background on this error at: https://sqlalche.me/e/20/e3q8)
2025-08-10 11:44:48,831 - models.user - ERROR - Error getting user by email: (pymysql.err.OperationalError) (1054, "Unknown column 'users.is_active' in 'field list'")
[SQL: SELECT users.id AS users_id, users.username AS users_username, users.email AS users_email, users.password AS users_password, users.is_active AS users_is_active, users.created_at AS users_created_at, users.updated_at AS users_updated_at 
FROM users 
WHERE users.email = %(email_1)s 
 LIMIT %(param_1)s]
[parameters: {'email_1': 'ame123@gmail.com', 'param_1': 1}]
(Background on this error at: https://sqlalche.me/e/20/e3q8)
2025-08-10 11:44:48,832 - passlib.handlers.bcrypt - WARNING - (trapped) error reading bcrypt version
Traceback (most recent call last):
  File "C:\Users\agung\AppData\Local\Programs\Python\Python313\Lib\site-packages\passlib\handlers\bcrypt.py", line 620, in _load_backend_mixin
    version = _bcrypt.__about__.__version__
              ^^^^^^^^^^^^^^^^^
AttributeError: module 'bcrypt' has no attribute '__about__'
2025-08-10 11:44:49,248 - models.user - ERROR - Error creating user: (pymysql.err.OperationalError) (1054, "Unknown column 'is_active' in 'field list'")
[SQL: INSERT INTO users (username, email, password, is_active, updated_at) VALUES (%(username)s, %(email)s, %(password)s, %(is_active)s, %(updated_at)s)]
[parameters: {'username': 'ame123', 'email': 'ame123@gmail.com', 'password': '$2b$12$zq7T5INcD8hfJI8CwMS5WO14H9p7jVLcYdP.m74NJW8q91aF1B45u', 'is_active': 1, 'updated_at': None}]
(Background on this error at: https://sqlalche.me/e/20/e3q8)
2025-08-10 11:44:54,256 - models.user - ERROR - Error getting user by username: (pymysql.err.OperationalError) (1054, "Unknown column 'users.is_active' in 'field list'")
[SQL: SELECT users.id AS users_id, users.username AS users_username, users.email AS users_email, users.password AS users_password, users.is_active AS users_is_active, users.created_at AS users_created_at, users.updated_at AS users_updated_at 
FROM users 
WHERE users.username = %(username_1)s 
 LIMIT %(param_1)s]
[parameters: {'username_1': 'ame123', 'param_1': 1}]
(Background on this error at: https://sqlalche.me/e/20/e3q8)
2025-08-10 11:44:54,258 - models.user - ERROR - Error getting user by email: (pymysql.err.OperationalError) (1054, "Unknown column 'users.is_active' in 'field list'")
[SQL: SELECT users.id AS users_id, users.username AS users_username, users.email AS users_email, users.password AS users_password, users.is_active AS users_is_active, users.created_at AS users_created_at, users.updated_at AS users_updated_at 
FROM users 
WHERE users.email = %(email_1)s 
 LIMIT %(param_1)s]
[parameters: {'email_1': 'ame123@gmail.com', 'param_1': 1}]
(Background on this error at: https://sqlalche.me/e/20/e3q8)
2025-08-10 11:44:54,654 - models.user - ERROR - Error creating user: (pymysql.err.OperationalError) (1054, "Unknown column 'is_active' in 'field list'")
[SQL: INSERT INTO users (username, email, password, is_active, updated_at) VALUES (%(username)s, %(email)s, %(password)s, %(is_active)s, %(updated_at)s)]
[parameters: {'username': 'ame123', 'email': 'ame123@gmail.com', 'password': '$2b$12$eHy0mkPS5xSTMy/uiRAvre31FyzUpjfNLX1u6ggQB2VjDIpa1dPFC', 'is_active': 1, 'updated_at': None}]
(Background on this error at: https://sqlalche.me/e/20/e3q8)
2025-08-10 11:45:02,995 - models.user - ERROR - Error getting user by username: (pymysql.err.OperationalError) (1054, "Unknown column 'users.is_active' in 'field list'")
[SQL: SELECT users.id AS users_id, users.username AS users_username, users.email AS users_email, users.password AS users_password, users.is_active AS users_is_active, users.created_at AS users_created_at, users.updated_at AS users_updated_at 
FROM users 
WHERE users.username = %(username_1)s 
 LIMIT %(param_1)s]
[parameters: {'username_1': 'ame12345', 'param_1': 1}]
(Background on this error at: https://sqlalche.me/e/20/e3q8)
2025-08-10 11:45:02,998 - models.user - ERROR - Error getting user by email: (pymysql.err.OperationalError) (1054, "Unknown column 'users.is_active' in 'field list'")
[SQL: SELECT users.id AS users_id, users.username AS users_username, users.email AS users_email, users.password AS users_password, users.is_active AS users_is_active, users.created_at AS users_created_at, users.updated_at AS users_updated_at 
FROM users 
WHERE users.email = %(email_1)s 
 LIMIT %(param_1)s]
[parameters: {'email_1': 'ame12345@gmail.com', 'param_1': 1}]
(Background on this error at: https://sqlalche.me/e/20/e3q8)
2025-08-10 11:45:03,368 - models.user - ERROR - Error creating user: (pymysql.err.OperationalError) (1054, "Unknown column 'is_active' in 'field list'")
[SQL: INSERT INTO users (username, email, password, is_active, updated_at) VALUES (%(username)s, %(email)s, %(password)s, %(is_active)s, %(updated_at)s)]
[parameters: {'username': 'ame12345', 'email': 'ame12345@gmail.com', 'password': '$2b$12$HgEIOp/w3mIUtFp/d2gnJuKEbf7ZN1YDGeqz2dSA4tC19qxipsmg.', 'is_active': 1, 'updated_at': None}]
(Background on this error at: https://sqlalche.me/e/20/e3q8)
2025-08-10 11:47:03,266 - __main__ - INFO - Starting FastAPI backend server...
2025-08-10 11:47:08,702 - database - INFO - Using database: sqlite:///./yolo_app.db
2025-08-10 11:47:08,789 - __main__ - INFO - Starting server on http://127.0.0.1:8001
2025-08-10 11:47:08,789 - __main__ - INFO - Press Ctrl+C to stop the server
2025-08-10 11:47:33,249 - passlib.handlers.bcrypt - WARNING - (trapped) error reading bcrypt version
Traceback (most recent call last):
  File "C:\Users\agung\AppData\Local\Programs\Python\Python313\Lib\site-packages\passlib\handlers\bcrypt.py", line 620, in _load_backend_mixin
    version = _bcrypt.__about__.__version__
              ^^^^^^^^^^^^^^^^^
AttributeError: module 'bcrypt' has no attribute '__about__'
2025-08-10 11:47:33,710 - models.user - INFO - User created successfully: ame123
2025-08-10 11:53:21,247 - models.user - INFO - User created successfully: naraagung42
2025-08-10 12:02:29,567 - models.user - INFO - User created successfully: ame
2025-08-10 19:41:02,300 - __main__ - INFO - Starting FastAPI backend server...
2025-08-10 19:41:10,755 - database - INFO - Using database: mysql+pymysql://root:@localhost/yolo_web
2025-08-10 19:41:15,043 - __main__ - ERROR - Failed to start server: (pymysql.err.OperationalError) (2003, "Can't connect to MySQL server on 'localhost' ([WinError 10061] No connection could be made because the target machine actively refused it)")
(Background on this error at: https://sqlalche.me/e/20/e3q8)
2025-08-10 19:41:35,319 - __main__ - INFO - Starting FastAPI backend server...
2025-08-10 19:41:40,929 - database - INFO - Using database: mysql+pymysql://root:@localhost/yolo_web
2025-08-10 19:41:41,078 - __main__ - INFO - Starting server on http://127.0.0.1:8001
2025-08-10 19:41:41,078 - __main__ - INFO - Press Ctrl+C to stop the server
2025-08-10 19:42:38,665 - passlib.handlers.bcrypt - WARNING - (trapped) error reading bcrypt version
Traceback (most recent call last):
  File "C:\Users\agung\AppData\Local\Programs\Python\Python313\Lib\site-packages\passlib\handlers\bcrypt.py", line 620, in _load_backend_mixin
    version = _bcrypt.__about__.__version__
              ^^^^^^^^^^^^^^^^^
AttributeError: module 'bcrypt' has no attribute '__about__'
2025-08-10 19:42:39,103 - models.user - INFO - User created successfully: ame13
2025-08-10 20:03:04,374 - models.user - INFO - User created successfully: nandi123
2025-08-10 22:11:12,145 - __main__ - INFO - Starting FastAPI backend server...
2025-08-10 22:11:18,364 - database - INFO - Using database: mysql+pymysql://root:@localhost/yolo_web
2025-08-10 22:11:18,545 - __main__ - INFO - Starting server on http://127.0.0.1:8001
2025-08-10 22:11:18,545 - __main__ - INFO - Press Ctrl+C to stop the server
2025-08-10 23:20:48,868 - __main__ - INFO - Starting FastAPI backend server...
2025-08-10 23:20:57,399 - database - INFO - Using database: mysql+pymysql://root:@localhost/yolo_web
2025-08-10 23:21:01,739 - __main__ - ERROR - Failed to start server: (pymysql.err.OperationalError) (2003, "Can't connect to MySQL server on 'localhost' ([WinError 10061] No connection could be made because the target machine actively refused it)")
(Background on this error at: https://sqlalche.me/e/20/e3q8)
2025-08-10 23:21:07,619 - __main__ - INFO - Starting FastAPI backend server...
2025-08-10 23:21:12,599 - database - INFO - Using database: mysql+pymysql://root:@localhost/yolo_web
2025-08-10 23:21:12,739 - __main__ - INFO - Starting server on http://127.0.0.1:8001
2025-08-10 23:21:12,740 - __main__ - INFO - Press Ctrl+C to stop the server
2025-08-10 23:43:19,619 - passlib.handlers.bcrypt - WARNING - (trapped) error reading bcrypt version
Traceback (most recent call last):
  File "C:\Users\agung\AppData\Local\Programs\Python\Python313\Lib\site-packages\passlib\handlers\bcrypt.py", line 620, in _load_backend_mixin
    version = _bcrypt.__about__.__version__
              ^^^^^^^^^^^^^^^^^
AttributeError: module 'bcrypt' has no attribute '__about__'
2025-08-21 15:03:26,826 - __main__ - INFO - Starting FastAPI backend server...
2025-08-21 15:03:37,705 - database - INFO - Using database: mysql+pymysql://root:@localhost/yolo_web
2025-08-21 15:03:42,068 - __main__ - ERROR - Failed to start server: (pymysql.err.OperationalError) (2003, "Can't connect to MySQL server on 'localhost' ([WinError 10061] No connection could be made because the target machine actively refused it)")
(Background on this error at: https://sqlalche.me/e/20/e3q8)
2025-08-21 15:10:01,000 - __main__ - INFO - Starting FastAPI backend server...
2025-08-21 15:10:06,827 - database - INFO - Using database: mysql+pymysql://root:@localhost/yolo_web
2025-08-21 15:10:07,017 - __main__ - INFO - Starting server on http://127.0.0.1:8001
2025-08-21 15:10:07,017 - __main__ - INFO - Press Ctrl+C to stop the server
2025-08-21 15:10:40,065 - passlib.handlers.bcrypt - WARNING - (trapped) error reading bcrypt version
Traceback (most recent call last):
  File "C:\Users\agung\AppData\Local\Programs\Python\Python313\Lib\site-packages\passlib\handlers\bcrypt.py", line 620, in _load_backend_mixin
    version = _bcrypt.__about__.__version__
              ^^^^^^^^^^^^^^^^^
AttributeError: module 'bcrypt' has no attribute '__about__'
2025-08-21 15:10:40,530 - models.user - INFO - User created successfully: ame
2025-08-21 15:19:01,415 - __main__ - INFO - Starting FastAPI backend server...
2025-08-21 15:19:07,285 - database - INFO - Using database: mysql+pymysql://root:@localhost/yolo_web
2025-08-21 15:19:07,469 - __main__ - INFO - Starting server on http://127.0.0.1:8001
2025-08-21 15:19:07,469 - __main__ - INFO - Press Ctrl+C to stop the server
2025-08-21 15:20:12,802 - __main__ - INFO - Starting FastAPI backend server...
2025-08-21 15:20:18,444 - database - INFO - Using database: mysql+pymysql://root:@localhost/yolo_web
2025-08-21 15:20:18,596 - __main__ - INFO - Starting server on http://127.0.0.1:8001
2025-08-21 15:20:18,597 - __main__ - INFO - Press Ctrl+C to stop the server
2025-08-21 15:20:25,240 - passlib.handlers.bcrypt - WARNING - (trapped) error reading bcrypt version
Traceback (most recent call last):
  File "C:\Users\agung\AppData\Local\Programs\Python\Python313\Lib\site-packages\passlib\handlers\bcrypt.py", line 620, in _load_backend_mixin
    version = _bcrypt.__about__.__version__
              ^^^^^^^^^^^^^^^^^
AttributeError: module 'bcrypt' has no attribute '__about__'
2025-08-21 15:30:23,657 - __main__ - INFO - Starting FastAPI backend server...
2025-08-21 15:30:29,621 - database - INFO - Using database: mysql+pymysql://root:@localhost/yolo_web
2025-08-21 15:30:29,804 - __main__ - INFO - Starting server on http://127.0.0.1:8001
2025-08-21 15:30:29,805 - __main__ - INFO - Press Ctrl+C to stop the server
2025-08-21 15:34:32,177 - __main__ - INFO - Starting FastAPI backend server...
2025-08-21 15:34:38,116 - database - INFO - Using database: mysql+pymysql://root:@localhost/yolo_web
2025-08-21 15:34:38,273 - __main__ - INFO - Starting server on http://127.0.0.1:8001
2025-08-21 15:34:38,274 - __main__ - INFO - Press Ctrl+C to stop the server
2025-08-21 15:34:46,299 - passlib.handlers.bcrypt - WARNING - (trapped) error reading bcrypt version
Traceback (most recent call last):
  File "C:\Users\agung\AppData\Local\Programs\Python\Python313\Lib\site-packages\passlib\handlers\bcrypt.py", line 620, in _load_backend_mixin
    version = _bcrypt.__about__.__version__
              ^^^^^^^^^^^^^^^^^
AttributeError: module 'bcrypt' has no attribute '__about__'
2025-08-21 15:38:13,274 - __main__ - INFO - Starting FastAPI backend server...
2025-08-21 15:38:19,050 - database - INFO - Using database: mysql+pymysql://root:@localhost/yolo_web
2025-08-21 15:38:19,236 - __main__ - INFO - Starting server on http://127.0.0.1:8001
2025-08-21 15:38:19,236 - __main__ - INFO - Press Ctrl+C to stop the server
2025-08-21 15:46:56,038 - __main__ - INFO - Starting FastAPI backend server...
2025-08-21 15:47:02,354 - database - INFO - Using database: mysql+pymysql://root:@localhost/yolo_web
2025-08-21 15:47:02,532 - __main__ - INFO - Starting server on http://127.0.0.1:8001
2025-08-21 15:47:02,532 - __main__ - INFO - Press Ctrl+C to stop the server
2025-08-21 15:48:10,397 - __main__ - INFO - Starting FastAPI backend server...
2025-08-21 15:48:16,358 - database - INFO - Using database: mysql+pymysql://root:@localhost/yolo_web
2025-08-21 15:48:16,557 - __main__ - INFO - Starting server on http://127.0.0.1:8001
2025-08-21 15:48:16,557 - __main__ - INFO - Press Ctrl+C to stop the server
2025-08-21 15:51:20,757 - __main__ - INFO - Starting FastAPI backend server...
2025-08-21 15:51:26,594 - database - INFO - Using database: mysql+pymysql://root:@localhost/yolo_web
2025-08-21 15:51:26,754 - __main__ - INFO - Starting server on http://127.0.0.1:8001
2025-08-21 15:51:26,754 - __main__ - INFO - Press Ctrl+C to stop the server
2025-08-21 15:54:39,822 - __main__ - INFO - Starting FastAPI backend server...
2025-08-21 15:54:45,578 - database - INFO - Using database: mysql+pymysql://root:@localhost/yolo_web
2025-08-21 15:54:45,729 - __main__ - INFO - Starting server on http://127.0.0.1:8001
2025-08-21 15:54:45,729 - __main__ - INFO - Press Ctrl+C to stop the server
2025-08-21 16:01:53,954 - __main__ - INFO - Starting FastAPI backend server...
2025-08-21 16:01:59,588 - database - INFO - Using database: mysql+pymysql://root:@localhost/yolo_web
2025-08-21 16:01:59,744 - __main__ - INFO - Starting server on http://127.0.0.1:8001
2025-08-21 16:01:59,745 - __main__ - INFO - Press Ctrl+C to stop the server
2025-08-21 16:02:56,764 - passlib.handlers.bcrypt - WARNING - (trapped) error reading bcrypt version
Traceback (most recent call last):
  File "C:\Users\agung\AppData\Local\Programs\Python\Python313\Lib\site-packages\passlib\handlers\bcrypt.py", line 620, in _load_backend_mixin
    version = _bcrypt.__about__.__version__
              ^^^^^^^^^^^^^^^^^
AttributeError: module 'bcrypt' has no attribute '__about__'
2025-08-21 16:11:18,240 - __main__ - INFO - Starting FastAPI backend server...
2025-08-21 16:11:24,392 - database - INFO - Using database: mysql+pymysql://root:@localhost/yolo_web
2025-08-21 16:11:24,561 - __main__ - INFO - Starting server on http://127.0.0.1:8001
2025-08-21 16:11:24,561 - __main__ - INFO - Press Ctrl+C to stop the server
2025-08-21 16:13:14,262 - __main__ - INFO - Starting FastAPI backend server...
2025-08-21 16:13:20,112 - database - INFO - Using database: mysql+pymysql://root:@localhost/yolo_web
2025-08-21 16:13:20,283 - __main__ - INFO - Starting server on http://127.0.0.1:8001
2025-08-21 16:13:20,284 - __main__ - INFO - Press Ctrl+C to stop the server
2025-08-21 16:20:13,446 - __main__ - INFO - Starting FastAPI backend server...
2025-08-21 16:20:19,250 - database - INFO - Using database: mysql+pymysql://root:@localhost/yolo_web
2025-08-21 16:20:19,415 - __main__ - INFO - Starting server on http://127.0.0.1:8001
2025-08-21 16:20:19,416 - __main__ - INFO - Press Ctrl+C to stop the server
2025-08-21 17:04:05,677 - passlib.handlers.bcrypt - WARNING - (trapped) error reading bcrypt version
Traceback (most recent call last):
  File "C:\Users\agung\AppData\Local\Programs\Python\Python313\Lib\site-packages\passlib\handlers\bcrypt.py", line 620, in _load_backend_mixin
    version = _bcrypt.__about__.__version__
              ^^^^^^^^^^^^^^^^^
AttributeError: module 'bcrypt' has no attribute '__about__'
2025-08-21 17:05:11,766 - models.user - INFO - User created successfully: ame12
2025-08-21 17:26:36,057 - __main__ - INFO - Starting FastAPI backend server...
2025-08-21 17:26:39,415 - database - INFO - Using database: mysql+pymysql://root:@localhost/yolo_web
2025-08-21 17:26:39,513 - __main__ - INFO - Starting server on http://127.0.0.1:8001
2025-08-21 17:26:39,514 - __main__ - INFO - Press Ctrl+C to stop the server
